{"level":"info","message":"🚀 Server running at http://localhost:4000","timestamp":"2025-10-23T06:17:04.237Z"}
{"level":"info","message":"🚀 Server running at http://localhost:4000","timestamp":"2025-10-23T06:24:40.388Z"}
{"level":"info","message":"🚀 Server running at http://localhost:4000","timestamp":"2025-10-23T06:24:58.786Z"}
{"level":"info","message":"🚀 Server running at http://localhost:4000","timestamp":"2025-10-23T06:26:27.406Z"}
{"level":"info","message":"🚀 Server running at http://localhost:4000","timestamp":"2025-10-23T06:27:35.331Z"}
{"level":"info","message":"🚀 Server running at http://localhost:4000","timestamp":"2025-10-23T06:28:37.844Z"}
{"level":"info","message":"🚀 Server running at http://localhost:4000","timestamp":"2025-10-23T06:31:06.583Z"}
{"level":"info","message":"🚀 Server running at http://localhost:4000","timestamp":"2025-10-23T06:31:15.519Z"}
{"level":"info","message":"🚀 Server running at http://localhost:4000","timestamp":"2025-10-23T06:34:12.378Z"}
{"level":"info","message":"🚀 Server running at http://localhost:4000","timestamp":"2025-10-23T06:36:13.931Z"}
{"level":"info","message":"🚀 Server running at http://localhost:4000","timestamp":"2025-10-23T06:36:35.069Z"}
{"level":"info","message":"🚀 Server running at http://localhost:4000","timestamp":"2025-10-23T06:37:25.025Z"}
{"level":"info","message":"🚀 Server running at http://localhost:4000","timestamp":"2025-10-23T06:38:26.945Z"}
{"level":"info","message":"🚀 Server running at http://localhost:4000","timestamp":"2025-10-23T06:41:03.418Z"}
{"level":"info","message":"🚀 Server running at http://localhost:4000","timestamp":"2025-10-23T06:41:06.483Z"}
{"level":"info","message":"🚀 Server running at http://localhost:4000","timestamp":"2025-10-23T06:41:13.187Z"}
{"level":"info","message":"🚀 Server running at http://localhost:4000","timestamp":"2025-10-23T06:42:42.402Z"}
{"level":"info","message":"🚀 Server running at http://localhost:4000","timestamp":"2025-10-23T06:42:51.638Z"}
{"level":"info","message":"🚀 Server running at http://localhost:4000","timestamp":"2025-10-23T06:43:48.534Z"}
{"level":"info","message":"🚀 Server running at http://localhost:4000","timestamp":"2025-10-23T06:45:29.766Z"}
{"level":"info","message":"🚀 Server running at http://localhost:4000","timestamp":"2025-10-23T06:46:18.800Z"}
{"level":"info","message":"🚀 Server running at http://localhost:4000","timestamp":"2025-10-23T06:48:24.574Z"}
{"level":"info","message":"🚀 Server running at http://localhost:4000","timestamp":"2025-10-23T06:50:20.030Z"}
{"level":"info","message":"🚀 Server running at http://localhost:4000","timestamp":"2025-10-23T06:50:28.547Z"}
{"level":"info","message":"🚀 Server running at http://localhost:4000","timestamp":"2025-10-23T06:52:05.983Z"}
{"level":"info","message":"🚀 Server running at http://localhost:4000","timestamp":"2025-10-23T06:52:18.976Z"}
{"level":"info","message":"🚀 Server running at http://localhost:4000","timestamp":"2025-10-23T06:53:30.312Z"}
{"level":"info","message":"Successfully created default user.","timestamp":"2025-10-23T06:54:31.752Z"}
{"level":"info","message":"🚀 Server running at http://localhost:4000","timestamp":"2025-10-23T06:54:31.755Z"}
{"level":"info","message":"🚀 Server running at http://localhost:4000","timestamp":"2025-10-23T06:54:55.747Z"}
{"level":"error","message":{},"timestamp":"2025-10-23T06:55:21.903Z"}
{"level":"info","message":"🚀 Server running at http://localhost:4000","timestamp":"2025-10-23T06:55:21.907Z"}
{"level":"info","message":"Indexes created successfully.","timestamp":"2025-10-23T06:56:27.595Z"}
{"level":"info","message":"Indexes created successfully.","timestamp":"2025-10-23T06:56:27.639Z"}
{"level":"info","message":"Indexes created successfully.","timestamp":"2025-10-23T06:56:27.679Z"}
{"level":"error","message":{},"timestamp":"2025-10-23T06:56:27.769Z"}
{"level":"info","message":"🚀 Server running at http://localhost:4000","timestamp":"2025-10-23T06:56:27.771Z"}
{"level":"info","message":"Indexes created successfully.","timestamp":"2025-10-23T06:56:46.129Z"}
{"level":"info","message":"Indexes created successfully.","timestamp":"2025-10-23T06:56:46.171Z"}
{"level":"info","message":"Indexes created successfully.","timestamp":"2025-10-23T06:56:46.213Z"}
{"level":"error","message":{},"timestamp":"2025-10-23T06:56:46.302Z"}
{"level":"info","message":"🚀 Server running at http://localhost:4000","timestamp":"2025-10-23T06:56:46.306Z"}
{"level":"error","message":"getByEmail is not a function","timestamp":"2025-10-23T06:58:19.267Z"}
{"level":"info","message":"Indexes created successfully.","timestamp":"2025-10-23T07:02:01.417Z"}
{"level":"info","message":"Indexes created successfully.","timestamp":"2025-10-23T07:02:01.463Z"}
{"level":"info","message":"Indexes created successfully.","timestamp":"2025-10-23T07:02:01.505Z"}
{"level":"error","message":{},"timestamp":"2025-10-23T07:02:01.592Z"}
{"level":"info","message":"🚀 Server running at http://localhost:4000","timestamp":"2025-10-23T07:02:01.594Z"}
{"level":"info","message":"Indexes created successfully.","timestamp":"2025-10-23T07:03:11.190Z"}
{"level":"info","message":"Indexes created successfully.","timestamp":"2025-10-23T07:03:11.236Z"}
{"level":"info","message":"Indexes created successfully.","timestamp":"2025-10-23T07:03:11.290Z"}
{"level":"error","message":{},"timestamp":"2025-10-23T07:03:11.377Z"}
{"level":"info","message":"🚀 Server running at http://localhost:4000","timestamp":"2025-10-23T07:03:11.379Z"}
{"level":"info","message":"Indexes created successfully.","timestamp":"2025-10-23T07:03:14.445Z"}
{"level":"info","message":"Indexes created successfully.","timestamp":"2025-10-23T07:03:14.487Z"}
{"level":"info","message":"Indexes created successfully.","timestamp":"2025-10-23T07:03:14.525Z"}
{"level":"error","message":{},"timestamp":"2025-10-23T07:03:14.612Z"}
{"level":"info","message":"🚀 Server running at http://localhost:4000","timestamp":"2025-10-23T07:03:14.615Z"}
{"level":"info","message":"Indexes created successfully.","timestamp":"2025-10-23T07:09:09.062Z"}
{"level":"info","message":"Indexes created successfully.","timestamp":"2025-10-23T07:09:09.102Z"}
{"level":"info","message":"Indexes created successfully.","timestamp":"2025-10-23T07:09:09.142Z"}
{"level":"error","message":{},"timestamp":"2025-10-23T07:09:09.228Z"}
{"level":"info","message":"🚀 Server running at http://localhost:4000","timestamp":"2025-10-23T07:09:09.230Z"}
{"level":"info","message":"Indexes created successfully.","timestamp":"2025-10-23T07:46:28.594Z"}
{"level":"info","message":"Indexes created successfully.","timestamp":"2025-10-23T07:46:28.636Z"}
{"level":"info","message":"Indexes created successfully.","timestamp":"2025-10-23T07:46:28.679Z"}
{"level":"error","message":{},"timestamp":"2025-10-23T07:46:28.768Z"}
{"level":"info","message":"🚀 Server running at http://localhost:4000","timestamp":"2025-10-23T07:46:28.771Z"}
{"level":"info","message":"Indexes created successfully.","timestamp":"2025-10-23T07:46:33.026Z"}
{"level":"info","message":"Indexes created successfully.","timestamp":"2025-10-23T07:46:33.067Z"}
{"level":"info","message":"Indexes created successfully.","timestamp":"2025-10-23T07:46:33.106Z"}
{"level":"error","message":{},"timestamp":"2025-10-23T07:46:33.194Z"}
{"level":"info","message":"🚀 Server running at http://localhost:4000","timestamp":"2025-10-23T07:46:33.196Z"}
{"level":"info","message":"Indexes created successfully.","timestamp":"2025-10-23T07:46:43.644Z"}
{"level":"info","message":"Indexes created successfully.","timestamp":"2025-10-23T07:46:43.690Z"}
{"level":"info","message":"Indexes created successfully.","timestamp":"2025-10-23T07:46:43.731Z"}
{"level":"error","message":{},"timestamp":"2025-10-23T07:46:43.823Z"}
{"level":"info","message":"🚀 Server running at http://localhost:4000","timestamp":"2025-10-23T07:46:43.826Z"}
{"level":"info","message":"Indexes created successfully.","timestamp":"2025-10-23T07:46:53.276Z"}
{"level":"info","message":"Indexes created successfully.","timestamp":"2025-10-23T07:46:53.320Z"}
{"level":"info","message":"Indexes created successfully.","timestamp":"2025-10-23T07:46:53.363Z"}
{"level":"error","message":{},"timestamp":"2025-10-23T07:46:53.455Z"}
{"level":"info","message":"🚀 Server running at http://localhost:4000","timestamp":"2025-10-23T07:46:53.457Z"}
{"level":"info","message":"Indexes created successfully.","timestamp":"2025-10-23T07:51:47.416Z"}
{"level":"info","message":"Indexes created successfully.","timestamp":"2025-10-23T07:51:47.458Z"}
{"level":"info","message":"Indexes created successfully.","timestamp":"2025-10-23T07:51:47.499Z"}
{"level":"error","message":{},"timestamp":"2025-10-23T07:51:47.587Z"}
{"level":"info","message":"🚀 Server running at http://localhost:4000","timestamp":"2025-10-23T07:51:47.590Z"}
{"level":"info","message":"🚀 Server running at http://localhost:4000","timestamp":"2025-10-23T08:01:00.234Z"}
{"level":"info","message":"Set user 68f9d1278ccd1158e53c67ef session id","timestamp":"2025-10-23T08:02:34.773Z"}
{"level":"info","message":"Set user 68f9d1278ccd1158e53c67ef session id","timestamp":"2025-10-23T08:03:33.486Z"}
{"level":"info","message":"🚀 Server running at http://localhost:4000","timestamp":"2025-10-23T08:10:13.310Z"}
{"level":"info","message":"Indexes created successfully.","timestamp":"2025-10-23T08:10:34.362Z"}
{"level":"info","message":"Indexes created successfully.","timestamp":"2025-10-23T08:10:34.404Z"}
{"level":"info","message":"Indexes created successfully.","timestamp":"2025-10-23T08:10:34.442Z"}
{"level":"error","message":{},"timestamp":"2025-10-23T08:10:34.529Z"}
{"level":"info","message":"🚀 Server running at http://localhost:4000","timestamp":"2025-10-23T08:10:34.532Z"}
{"level":"info","message":"Indexes created successfully.","timestamp":"2025-10-23T08:13:01.687Z"}
{"level":"info","message":"Indexes created successfully.","timestamp":"2025-10-23T08:13:01.728Z"}
{"level":"info","message":"Indexes created successfully.","timestamp":"2025-10-23T08:13:01.767Z"}
{"level":"error","message":{},"timestamp":"2025-10-23T08:13:01.859Z"}
{"level":"info","message":"🚀 Server running at http://localhost:4000","timestamp":"2025-10-23T08:13:01.863Z"}
{"level":"info","message":"Indexes created successfully.","timestamp":"2025-10-23T08:13:19.046Z"}
{"level":"info","message":"Indexes created successfully.","timestamp":"2025-10-23T08:13:19.100Z"}
{"level":"info","message":"Indexes created successfully.","timestamp":"2025-10-23T08:13:19.157Z"}
{"level":"error","message":{},"timestamp":"2025-10-23T08:13:19.244Z"}
{"level":"info","message":"🚀 Server running at http://localhost:4000","timestamp":"2025-10-23T08:13:19.248Z"}
{"level":"info","message":"Indexes created successfully.","timestamp":"2025-10-23T08:13:37.620Z"}
{"level":"info","message":"Indexes created successfully.","timestamp":"2025-10-23T08:13:37.661Z"}
{"level":"info","message":"Indexes created successfully.","timestamp":"2025-10-23T08:13:37.718Z"}
{"level":"error","message":{},"timestamp":"2025-10-23T08:13:37.805Z"}
{"level":"info","message":"🚀 Server running at http://localhost:4000","timestamp":"2025-10-23T08:13:37.809Z"}
{"level":"info","message":"Indexes created successfully.","timestamp":"2025-10-23T08:13:42.633Z"}
{"level":"info","message":"Indexes created successfully.","timestamp":"2025-10-23T08:13:42.691Z"}
{"level":"info","message":"Indexes created successfully.","timestamp":"2025-10-23T08:13:42.731Z"}
{"level":"error","message":{},"timestamp":"2025-10-23T08:13:42.820Z"}
{"level":"info","message":"🚀 Server running at http://localhost:4000","timestamp":"2025-10-23T08:13:42.823Z"}
{"level":"info","message":"Indexes created successfully.","timestamp":"2025-10-23T08:13:47.204Z"}
{"level":"info","message":"Indexes created successfully.","timestamp":"2025-10-23T08:13:47.244Z"}
{"level":"info","message":"Indexes created successfully.","timestamp":"2025-10-23T08:13:47.284Z"}
{"level":"error","message":{},"timestamp":"2025-10-23T08:13:47.371Z"}
{"level":"info","message":"🚀 Server running at http://localhost:4000","timestamp":"2025-10-23T08:13:47.375Z"}
{"level":"info","message":"Indexes created successfully.","timestamp":"2025-10-23T08:14:01.531Z"}
{"level":"info","message":"Indexes created successfully.","timestamp":"2025-10-23T08:14:01.572Z"}
{"level":"info","message":"Indexes created successfully.","timestamp":"2025-10-23T08:14:01.611Z"}
{"level":"error","message":{},"timestamp":"2025-10-23T08:14:01.698Z"}
{"level":"info","message":"🚀 Server running at http://localhost:4000","timestamp":"2025-10-23T08:14:01.701Z"}
{"level":"info","message":"Set user 68f9d1278ccd1158e53c67ef session id","timestamp":"2025-10-23T08:14:06.879Z"}
{"level":"info","message":"Indexes created successfully.","timestamp":"2025-10-23T08:15:25.295Z"}
{"level":"info","message":"Indexes created successfully.","timestamp":"2025-10-23T08:15:25.337Z"}
{"level":"info","message":"Indexes created successfully.","timestamp":"2025-10-23T08:15:25.379Z"}
{"level":"error","message":{},"timestamp":"2025-10-23T08:15:25.466Z"}
{"level":"info","message":"🚀 Server running at http://localhost:4000","timestamp":"2025-10-23T08:15:25.469Z"}
{"level":"info","message":"Set user 68f9d1278ccd1158e53c67ef session id","timestamp":"2025-10-23T08:15:34.581Z"}
{"level":"info","message":"Session c0796431-bcaa-4b0f-8e42-d14385ff4833 refreshed successfully","timestamp":"2025-10-23T08:15:34.739Z"}
{"level":"info","message":"Session c0796431-bcaa-4b0f-8e42-d14385ff4833 refreshed successfully","timestamp":"2025-10-23T08:15:37.796Z"}
